0 verbose cli D:\CRM\tools\node-v20.15.1-win-x64\node.exe D:\CRM\tools\node-v20.15.1-win-x64\node_modules\npm\bin\npm-cli.js
1 info using npm@10.7.0
2 info using node@v20.15.1
3 silly config:load:file:D:\CRM\tools\node-v20.15.1-win-x64\node_modules\npm\npmrc
4 silly config:load:file:D:\CRM\code\crm-front\.npmrc
5 silly config:load:file:C:\Users\xiaom\.npmrc
6 silly config:load:file:D:\CRM\tools\node-v20.15.1-win-x64\node_global\etc\npmrc
7 verbose title npm i vue-router
8 verbose argv "i" "vue-router" "--save"
9 verbose logfile logs-max:10 dir:D:\CRM\tools\node-v20.15.1-win-x64\node_cache\_logs\2024-07-14T16_24_43_752Z-
10 verbose logfile D:\CRM\tools\node-v20.15.1-win-x64\node_cache\_logs\2024-07-14T16_24_43_752Z-debug-0.log
11 silly logfile start cleaning logs, removing 1 files
12 silly logfile done cleaning log files
13 silly idealTree buildDeps
14 silly fetch manifest vue-router@*
15 http fetch GET 200 https://registry.npmjs.org/vue-router 164ms (cache miss)
16 silly fetch manifest vue@^3.4.29
17 http fetch GET 200 https://registry.npmjs.org/vue 59ms (cache revalidated)
18 silly fetch manifest typescript@*
19 http fetch GET 200 https://registry.npmjs.org/typescript 195ms (cache updated)
20 silly placeDep ROOT vue-router@4.4.0 OK for: crm-front@0.0.0 want: *
21 silly fetch manifest @vue/devtools-api@^6.5.1
22 http fetch GET 200 https://registry.npmjs.org/@vue%2fdevtools-api 86ms (cache miss)
23 silly placeDep ROOT @vue/devtools-api@6.6.3 OK for: vue-router@4.4.0 want: ^6.5.1
24 silly reify moves {}
25 silly audit bulk request {
25 silly audit   '@babel/parser': [ '7.24.7' ],
25 silly audit   '@ctrl/tinycolor': [ '3.6.1' ],
25 silly audit   '@element-plus/icons-vue': [ '2.3.1' ],
25 silly audit   '@esbuild/aix-ppc64': [ '0.21.5' ],
25 silly audit   '@esbuild/android-arm': [ '0.21.5' ],
25 silly audit   '@esbuild/android-arm64': [ '0.21.5' ],
25 silly audit   '@esbuild/android-x64': [ '0.21.5' ],
25 silly audit   '@esbuild/darwin-arm64': [ '0.21.5' ],
25 silly audit   '@esbuild/darwin-x64': [ '0.21.5' ],
25 silly audit   '@esbuild/freebsd-arm64': [ '0.21.5' ],
25 silly audit   '@esbuild/freebsd-x64': [ '0.21.5' ],
25 silly audit   '@esbuild/linux-arm': [ '0.21.5' ],
25 silly audit   '@esbuild/linux-arm64': [ '0.21.5' ],
25 silly audit   '@esbuild/linux-ia32': [ '0.21.5' ],
25 silly audit   '@esbuild/linux-loong64': [ '0.21.5' ],
25 silly audit   '@esbuild/linux-mips64el': [ '0.21.5' ],
25 silly audit   '@esbuild/linux-ppc64': [ '0.21.5' ],
25 silly audit   '@esbuild/linux-riscv64': [ '0.21.5' ],
25 silly audit   '@esbuild/linux-s390x': [ '0.21.5' ],
25 silly audit   '@esbuild/linux-x64': [ '0.21.5' ],
25 silly audit   '@esbuild/netbsd-x64': [ '0.21.5' ],
25 silly audit   '@esbuild/openbsd-x64': [ '0.21.5' ],
25 silly audit   '@esbuild/sunos-x64': [ '0.21.5' ],
25 silly audit   '@esbuild/win32-arm64': [ '0.21.5' ],
25 silly audit   '@esbuild/win32-ia32': [ '0.21.5' ],
25 silly audit   '@esbuild/win32-x64': [ '0.21.5' ],
25 silly audit   '@floating-ui/core': [ '1.6.4' ],
25 silly audit   '@floating-ui/dom': [ '1.6.7' ],
25 silly audit   '@floating-ui/utils': [ '0.2.4' ],
25 silly audit   '@jridgewell/sourcemap-codec': [ '1.5.0' ],
25 silly audit   '@sxzz/popperjs-es': [ '2.11.7' ],
25 silly audit   '@rollup/rollup-android-arm-eabi': [ '4.18.1' ],
25 silly audit   '@rollup/rollup-android-arm64': [ '4.18.1' ],
25 silly audit   '@rollup/rollup-darwin-arm64': [ '4.18.1' ],
25 silly audit   '@rollup/rollup-darwin-x64': [ '4.18.1' ],
25 silly audit   '@rollup/rollup-linux-arm-gnueabihf': [ '4.18.1' ],
25 silly audit   '@rollup/rollup-linux-arm-musleabihf': [ '4.18.1' ],
25 silly audit   '@rollup/rollup-linux-arm64-gnu': [ '4.18.1' ],
25 silly audit   '@rollup/rollup-linux-arm64-musl': [ '4.18.1' ],
25 silly audit   '@rollup/rollup-linux-powerpc64le-gnu': [ '4.18.1' ],
25 silly audit   '@rollup/rollup-linux-riscv64-gnu': [ '4.18.1' ],
25 silly audit   '@rollup/rollup-linux-s390x-gnu': [ '4.18.1' ],
25 silly audit   '@rollup/rollup-linux-x64-gnu': [ '4.18.1' ],
25 silly audit   '@rollup/rollup-linux-x64-musl': [ '4.18.1' ],
25 silly audit   '@rollup/rollup-win32-arm64-msvc': [ '4.18.1' ],
25 silly audit   '@rollup/rollup-win32-ia32-msvc': [ '4.18.1' ],
25 silly audit   '@rollup/rollup-win32-x64-msvc': [ '4.18.1' ],
25 silly audit   '@types/estree': [ '1.0.5' ],
25 silly audit   '@types/lodash': [ '4.17.6' ],
25 silly audit   '@types/lodash-es': [ '4.17.12' ],
25 silly audit   '@types/web-bluetooth': [ '0.0.16' ],
25 silly audit   '@vitejs/plugin-vue': [ '5.0.5' ],
25 silly audit   '@vue/compiler-core': [ '3.4.31' ],
25 silly audit   '@vue/compiler-dom': [ '3.4.31' ],
25 silly audit   '@vue/compiler-sfc': [ '3.4.31' ],
25 silly audit   '@vue/compiler-ssr': [ '3.4.31' ],
25 silly audit   '@vue/reactivity': [ '3.4.31' ],
25 silly audit   '@vue/runtime-core': [ '3.4.31' ],
25 silly audit   '@vue/runtime-dom': [ '3.4.31' ],
25 silly audit   '@vue/server-renderer': [ '3.4.31' ],
25 silly audit   '@vue/shared': [ '3.4.31' ],
25 silly audit   '@vueuse/core': [ '9.13.0' ],
25 silly audit   'vue-demi': [ '0.14.8' ],
25 silly audit   '@vueuse/metadata': [ '9.13.0' ],
25 silly audit   '@vueuse/shared': [ '9.13.0' ],
25 silly audit   'async-validator': [ '4.2.5' ],
25 silly audit   asynckit: [ '0.4.0' ],
25 silly audit   axios: [ '1.7.2' ],
25 silly audit   'combined-stream': [ '1.0.8' ],
25 silly audit   csstype: [ '3.1.3' ],
25 silly audit   dayjs: [ '1.11.11' ],
25 silly audit   'delayed-stream': [ '1.0.0' ],
25 silly audit   'element-plus': [ '2.7.6' ],
25 silly audit   entities: [ '4.5.0' ],
25 silly audit   esbuild: [ '0.21.5' ],
25 silly audit   'escape-html': [ '1.0.3' ],
25 silly audit   'estree-walker': [ '2.0.2' ],
25 silly audit   'follow-redirects': [ '1.15.6' ],
25 silly audit   'form-data': [ '4.0.0' ],
25 silly audit   fsevents: [ '2.3.3' ],
25 silly audit   lodash: [ '4.17.21' ],
25 silly audit   'lodash-es': [ '4.17.21' ],
25 silly audit   'lodash-unified': [ '1.0.3' ],
25 silly audit   'magic-string': [ '0.30.10' ],
25 silly audit   'memoize-one': [ '6.0.0' ],
25 silly audit   'mime-db': [ '1.52.0' ],
25 silly audit   'mime-types': [ '2.1.35' ],
25 silly audit   nanoid: [ '3.3.7' ],
25 silly audit   'normalize-wheel-es': [ '1.2.0' ],
25 silly audit   picocolors: [ '1.0.1' ],
25 silly audit   postcss: [ '8.4.39' ],
25 silly audit   'proxy-from-env': [ '1.1.0' ],
25 silly audit   rollup: [ '4.18.1' ],
25 silly audit   'source-map-js': [ '1.2.0' ],
25 silly audit   vite: [ '5.3.3' ],
25 silly audit   vue: [ '3.4.31' ],
25 silly audit   'vue-router': [ '4.4.0' ],
25 silly audit   '@vue/devtools-api': [ '6.6.3' ]
25 silly audit }
26 verbose reify failed optional dependency D:\CRM\code\crm-front\node_modules\fsevents
27 silly reify mark deleted [ 'D:\\CRM\\code\\crm-front\\node_modules\\fsevents' ]
28 verbose reify failed optional dependency D:\CRM\code\crm-front\node_modules\@rollup\rollup-win32-ia32-msvc
29 silly reify mark deleted [
29 silly reify   'D:\\CRM\\code\\crm-front\\node_modules\\@rollup\\rollup-win32-ia32-msvc'
29 silly reify ]
30 verbose reify failed optional dependency D:\CRM\code\crm-front\node_modules\@rollup\rollup-win32-arm64-msvc
31 silly reify mark deleted [
31 silly reify   'D:\\CRM\\code\\crm-front\\node_modules\\@rollup\\rollup-win32-arm64-msvc'
31 silly reify ]
32 verbose reify failed optional dependency D:\CRM\code\crm-front\node_modules\@rollup\rollup-linux-x64-musl
33 silly reify mark deleted [
33 silly reify   'D:\\CRM\\code\\crm-front\\node_modules\\@rollup\\rollup-linux-x64-musl'
33 silly reify ]
34 verbose reify failed optional dependency D:\CRM\code\crm-front\node_modules\@rollup\rollup-linux-x64-gnu
35 silly reify mark deleted [
35 silly reify   'D:\\CRM\\code\\crm-front\\node_modules\\@rollup\\rollup-linux-x64-gnu'
35 silly reify ]
36 verbose reify failed optional dependency D:\CRM\code\crm-front\node_modules\@rollup\rollup-linux-s390x-gnu
37 silly reify mark deleted [
37 silly reify   'D:\\CRM\\code\\crm-front\\node_modules\\@rollup\\rollup-linux-s390x-gnu'
37 silly reify ]
38 verbose reify failed optional dependency D:\CRM\code\crm-front\node_modules\@rollup\rollup-linux-riscv64-gnu
39 silly reify mark deleted [
39 silly reify   'D:\\CRM\\code\\crm-front\\node_modules\\@rollup\\rollup-linux-riscv64-gnu'
39 silly reify ]
40 verbose reify failed optional dependency D:\CRM\code\crm-front\node_modules\@rollup\rollup-linux-powerpc64le-gnu
41 silly reify mark deleted [
41 silly reify   'D:\\CRM\\code\\crm-front\\node_modules\\@rollup\\rollup-linux-powerpc64le-gnu'
41 silly reify ]
42 verbose reify failed optional dependency D:\CRM\code\crm-front\node_modules\@rollup\rollup-linux-arm64-musl
43 silly reify mark deleted [
43 silly reify   'D:\\CRM\\code\\crm-front\\node_modules\\@rollup\\rollup-linux-arm64-musl'
43 silly reify ]
44 verbose reify failed optional dependency D:\CRM\code\crm-front\node_modules\@rollup\rollup-linux-arm64-gnu
45 silly reify mark deleted [
45 silly reify   'D:\\CRM\\code\\crm-front\\node_modules\\@rollup\\rollup-linux-arm64-gnu'
45 silly reify ]
46 verbose reify failed optional dependency D:\CRM\code\crm-front\node_modules\@rollup\rollup-linux-arm-musleabihf
47 silly reify mark deleted [
47 silly reify   'D:\\CRM\\code\\crm-front\\node_modules\\@rollup\\rollup-linux-arm-musleabihf'
47 silly reify ]
48 verbose reify failed optional dependency D:\CRM\code\crm-front\node_modules\@rollup\rollup-linux-arm-gnueabihf
49 silly reify mark deleted [
49 silly reify   'D:\\CRM\\code\\crm-front\\node_modules\\@rollup\\rollup-linux-arm-gnueabihf'
49 silly reify ]
50 verbose reify failed optional dependency D:\CRM\code\crm-front\node_modules\@rollup\rollup-darwin-x64
51 silly reify mark deleted [
51 silly reify   'D:\\CRM\\code\\crm-front\\node_modules\\@rollup\\rollup-darwin-x64'
51 silly reify ]
52 verbose reify failed optional dependency D:\CRM\code\crm-front\node_modules\@rollup\rollup-darwin-arm64
53 silly reify mark deleted [
53 silly reify   'D:\\CRM\\code\\crm-front\\node_modules\\@rollup\\rollup-darwin-arm64'
53 silly reify ]
54 verbose reify failed optional dependency D:\CRM\code\crm-front\node_modules\@rollup\rollup-android-arm64
55 silly reify mark deleted [
55 silly reify   'D:\\CRM\\code\\crm-front\\node_modules\\@rollup\\rollup-android-arm64'
55 silly reify ]
56 verbose reify failed optional dependency D:\CRM\code\crm-front\node_modules\@rollup\rollup-android-arm-eabi
57 silly reify mark deleted [
57 silly reify   'D:\\CRM\\code\\crm-front\\node_modules\\@rollup\\rollup-android-arm-eabi'
57 silly reify ]
58 verbose reify failed optional dependency D:\CRM\code\crm-front\node_modules\@esbuild\win32-ia32
59 silly reify mark deleted [ 'D:\\CRM\\code\\crm-front\\node_modules\\@esbuild\\win32-ia32' ]
60 verbose reify failed optional dependency D:\CRM\code\crm-front\node_modules\@esbuild\win32-arm64
61 silly reify mark deleted [ 'D:\\CRM\\code\\crm-front\\node_modules\\@esbuild\\win32-arm64' ]
62 verbose reify failed optional dependency D:\CRM\code\crm-front\node_modules\@esbuild\sunos-x64
63 silly reify mark deleted [ 'D:\\CRM\\code\\crm-front\\node_modules\\@esbuild\\sunos-x64' ]
64 verbose reify failed optional dependency D:\CRM\code\crm-front\node_modules\@esbuild\openbsd-x64
65 silly reify mark deleted [ 'D:\\CRM\\code\\crm-front\\node_modules\\@esbuild\\openbsd-x64' ]
66 verbose reify failed optional dependency D:\CRM\code\crm-front\node_modules\@esbuild\netbsd-x64
67 silly reify mark deleted [ 'D:\\CRM\\code\\crm-front\\node_modules\\@esbuild\\netbsd-x64' ]
68 verbose reify failed optional dependency D:\CRM\code\crm-front\node_modules\@esbuild\linux-x64
69 silly reify mark deleted [ 'D:\\CRM\\code\\crm-front\\node_modules\\@esbuild\\linux-x64' ]
70 verbose reify failed optional dependency D:\CRM\code\crm-front\node_modules\@esbuild\linux-s390x
71 silly reify mark deleted [ 'D:\\CRM\\code\\crm-front\\node_modules\\@esbuild\\linux-s390x' ]
72 verbose reify failed optional dependency D:\CRM\code\crm-front\node_modules\@esbuild\linux-riscv64
73 silly reify mark deleted [ 'D:\\CRM\\code\\crm-front\\node_modules\\@esbuild\\linux-riscv64' ]
74 verbose reify failed optional dependency D:\CRM\code\crm-front\node_modules\@esbuild\linux-ppc64
75 silly reify mark deleted [ 'D:\\CRM\\code\\crm-front\\node_modules\\@esbuild\\linux-ppc64' ]
76 verbose reify failed optional dependency D:\CRM\code\crm-front\node_modules\@esbuild\linux-mips64el
77 silly reify mark deleted [ 'D:\\CRM\\code\\crm-front\\node_modules\\@esbuild\\linux-mips64el' ]
78 verbose reify failed optional dependency D:\CRM\code\crm-front\node_modules\@esbuild\linux-loong64
79 silly reify mark deleted [ 'D:\\CRM\\code\\crm-front\\node_modules\\@esbuild\\linux-loong64' ]
80 verbose reify failed optional dependency D:\CRM\code\crm-front\node_modules\@esbuild\linux-ia32
81 silly reify mark deleted [ 'D:\\CRM\\code\\crm-front\\node_modules\\@esbuild\\linux-ia32' ]
82 verbose reify failed optional dependency D:\CRM\code\crm-front\node_modules\@esbuild\linux-arm64
83 silly reify mark deleted [ 'D:\\CRM\\code\\crm-front\\node_modules\\@esbuild\\linux-arm64' ]
84 verbose reify failed optional dependency D:\CRM\code\crm-front\node_modules\@esbuild\linux-arm
85 silly reify mark deleted [ 'D:\\CRM\\code\\crm-front\\node_modules\\@esbuild\\linux-arm' ]
86 verbose reify failed optional dependency D:\CRM\code\crm-front\node_modules\@esbuild\freebsd-x64
87 silly reify mark deleted [ 'D:\\CRM\\code\\crm-front\\node_modules\\@esbuild\\freebsd-x64' ]
88 verbose reify failed optional dependency D:\CRM\code\crm-front\node_modules\@esbuild\freebsd-arm64
89 silly reify mark deleted [ 'D:\\CRM\\code\\crm-front\\node_modules\\@esbuild\\freebsd-arm64' ]
90 verbose reify failed optional dependency D:\CRM\code\crm-front\node_modules\@esbuild\darwin-x64
91 silly reify mark deleted [ 'D:\\CRM\\code\\crm-front\\node_modules\\@esbuild\\darwin-x64' ]
92 verbose reify failed optional dependency D:\CRM\code\crm-front\node_modules\@esbuild\darwin-arm64
93 silly reify mark deleted [ 'D:\\CRM\\code\\crm-front\\node_modules\\@esbuild\\darwin-arm64' ]
94 verbose reify failed optional dependency D:\CRM\code\crm-front\node_modules\@esbuild\android-x64
95 silly reify mark deleted [ 'D:\\CRM\\code\\crm-front\\node_modules\\@esbuild\\android-x64' ]
96 verbose reify failed optional dependency D:\CRM\code\crm-front\node_modules\@esbuild\android-arm64
97 silly reify mark deleted [ 'D:\\CRM\\code\\crm-front\\node_modules\\@esbuild\\android-arm64' ]
98 verbose reify failed optional dependency D:\CRM\code\crm-front\node_modules\@esbuild\android-arm
99 silly reify mark deleted [ 'D:\\CRM\\code\\crm-front\\node_modules\\@esbuild\\android-arm' ]
100 verbose reify failed optional dependency D:\CRM\code\crm-front\node_modules\@esbuild\aix-ppc64
101 silly reify mark deleted [ 'D:\\CRM\\code\\crm-front\\node_modules\\@esbuild\\aix-ppc64' ]
102 silly tarball no local data for @vue/devtools-api@https://registry.npmjs.org/@vue/devtools-api/-/devtools-api-6.6.3.tgz. Extracting by manifest.
103 silly tarball no local data for vue-router@https://registry.npmjs.org/vue-router/-/vue-router-4.4.0.tgz. Extracting by manifest.
104 http fetch POST 200 https://registry.npmjs.org/-/npm/v1/security/advisories/bulk 182ms
105 silly audit report {}
106 http fetch GET 200 https://registry.npmjs.org/@vue/devtools-api/-/devtools-api-6.6.3.tgz 182ms (cache miss)
107 http fetch GET 200 https://registry.npmjs.org/vue-router/-/vue-router-4.4.0.tgz 306ms (cache miss)
108 silly ADD node_modules/@vue/devtools-api
109 silly ADD node_modules/vue-router
110 silly ADD
111 silly ADD
112 silly ADD
113 silly ADD
114 silly ADD
115 silly ADD
116 silly ADD
117 silly ADD
118 silly ADD
119 silly ADD
120 silly ADD
121 silly ADD
122 silly ADD
123 silly ADD
124 silly ADD
125 silly ADD
126 silly ADD
127 silly ADD
128 silly ADD
129 silly ADD
130 silly ADD
131 silly ADD
132 silly ADD
133 silly ADD
134 silly ADD
135 silly ADD
136 silly ADD
137 silly ADD
138 silly ADD
139 silly ADD
140 silly ADD
141 silly ADD
142 silly ADD
143 silly ADD
144 silly ADD
145 silly ADD
146 silly ADD
147 silly ADD
148 verbose exit 0
149 info ok
