0 verbose cli D:\CRM\tools\node-v20.15.1-win-x64\node.exe D:\CRM\tools\node-v20.15.1-win-x64\node_modules\npm\bin\npm-cli.js
1 info using npm@10.7.0
2 info using node@v20.15.1
3 silly config:load:file:D:\CRM\tools\node-v20.15.1-win-x64\node_modules\npm\npmrc
4 silly config:load:file:D:\CRM\code\crm-front\.npmrc
5 silly config:load:file:C:\Users\xiaom\.npmrc
6 silly config:load:file:D:\CRM\tools\node-v20.15.1-win-x64\node_global\etc\npmrc
7 verbose title npm i axios
8 verbose argv "i" "axios" "--save"
9 verbose logfile logs-max:10 dir:D:\CRM\tools\node-v20.15.1-win-x64\node_cache\_logs\2024-07-11T13_42_51_034Z-
10 verbose logfile D:\CRM\tools\node-v20.15.1-win-x64\node_cache\_logs\2024-07-11T13_42_51_034Z-debug-0.log
11 silly logfile start cleaning logs, removing 1 files
12 silly logfile done cleaning log files
13 silly idealTree buildDeps
14 silly fetch manifest axios@*
15 http fetch GET 200 https://registry.npmjs.org/axios 1800ms (cache revalidated)
16 silly placeDep ROOT axios@1.7.2 OK for: crm-front@0.0.0 want: *
17 silly fetch manifest form-data@^4.0.0
18 silly fetch manifest proxy-from-env@^1.1.0
19 silly fetch manifest follow-redirects@^1.15.6
20 http fetch GET 200 https://registry.npmjs.org/proxy-from-env 63ms (cache revalidated)
21 http fetch GET 200 https://registry.npmjs.org/follow-redirects 157ms (cache revalidated)
22 http fetch GET 200 https://registry.npmjs.org/form-data 166ms (cache revalidated)
23 silly placeDep ROOT follow-redirects@1.15.6 OK for: axios@1.7.2 want: ^1.15.6
24 silly placeDep ROOT form-data@4.0.0 OK for: axios@1.7.2 want: ^4.0.0
25 silly placeDep ROOT proxy-from-env@1.1.0 OK for: axios@1.7.2 want: ^1.1.0
26 silly fetch manifest asynckit@^0.4.0
27 silly fetch manifest combined-stream@^1.0.8
28 silly fetch manifest mime-types@^2.1.12
29 http fetch GET 200 https://registry.npmjs.org/asynckit 91ms (cache revalidated)
30 http fetch GET 200 https://registry.npmjs.org/mime-types 108ms (cache revalidated)
31 http fetch GET 200 https://registry.npmjs.org/combined-stream 123ms (cache revalidated)
32 silly placeDep ROOT asynckit@0.4.0 OK for: form-data@4.0.0 want: ^0.4.0
33 silly placeDep ROOT combined-stream@1.0.8 OK for: form-data@4.0.0 want: ^1.0.8
34 silly placeDep ROOT mime-types@2.1.35 OK for: form-data@4.0.0 want: ^2.1.12
35 silly fetch manifest delayed-stream@~1.0.0
36 silly fetch manifest mime-db@1.52.0
37 http fetch GET 200 https://registry.npmjs.org/delayed-stream 80ms (cache revalidated)
38 http fetch GET 200 https://registry.npmjs.org/mime-db 92ms (cache revalidated)
39 silly placeDep ROOT delayed-stream@1.0.0 OK for: combined-stream@1.0.8 want: ~1.0.0
40 silly placeDep ROOT mime-db@1.52.0 OK for: mime-types@2.1.35 want: 1.52.0
41 silly reify moves {}
42 silly audit bulk request {
42 silly audit   '@babel/parser': [ '7.24.7' ],
42 silly audit   '@ctrl/tinycolor': [ '3.6.1' ],
42 silly audit   '@element-plus/icons-vue': [ '2.3.1' ],
42 silly audit   '@esbuild/aix-ppc64': [ '0.21.5' ],
42 silly audit   '@esbuild/android-arm': [ '0.21.5' ],
42 silly audit   '@esbuild/android-arm64': [ '0.21.5' ],
42 silly audit   '@esbuild/android-x64': [ '0.21.5' ],
42 silly audit   '@esbuild/darwin-arm64': [ '0.21.5' ],
42 silly audit   '@esbuild/darwin-x64': [ '0.21.5' ],
42 silly audit   '@esbuild/freebsd-arm64': [ '0.21.5' ],
42 silly audit   '@esbuild/freebsd-x64': [ '0.21.5' ],
42 silly audit   '@esbuild/linux-arm': [ '0.21.5' ],
42 silly audit   '@esbuild/linux-arm64': [ '0.21.5' ],
42 silly audit   '@esbuild/linux-ia32': [ '0.21.5' ],
42 silly audit   '@esbuild/linux-loong64': [ '0.21.5' ],
42 silly audit   '@esbuild/linux-mips64el': [ '0.21.5' ],
42 silly audit   '@esbuild/linux-ppc64': [ '0.21.5' ],
42 silly audit   '@esbuild/linux-riscv64': [ '0.21.5' ],
42 silly audit   '@esbuild/linux-s390x': [ '0.21.5' ],
42 silly audit   '@esbuild/linux-x64': [ '0.21.5' ],
42 silly audit   '@esbuild/netbsd-x64': [ '0.21.5' ],
42 silly audit   '@esbuild/openbsd-x64': [ '0.21.5' ],
42 silly audit   '@esbuild/sunos-x64': [ '0.21.5' ],
42 silly audit   '@esbuild/win32-arm64': [ '0.21.5' ],
42 silly audit   '@esbuild/win32-ia32': [ '0.21.5' ],
42 silly audit   '@esbuild/win32-x64': [ '0.21.5' ],
42 silly audit   '@floating-ui/core': [ '1.6.4' ],
42 silly audit   '@floating-ui/dom': [ '1.6.7' ],
42 silly audit   '@floating-ui/utils': [ '0.2.4' ],
42 silly audit   '@jridgewell/sourcemap-codec': [ '1.5.0' ],
42 silly audit   '@sxzz/popperjs-es': [ '2.11.7' ],
42 silly audit   '@rollup/rollup-android-arm-eabi': [ '4.18.1' ],
42 silly audit   '@rollup/rollup-android-arm64': [ '4.18.1' ],
42 silly audit   '@rollup/rollup-darwin-arm64': [ '4.18.1' ],
42 silly audit   '@rollup/rollup-darwin-x64': [ '4.18.1' ],
42 silly audit   '@rollup/rollup-linux-arm-gnueabihf': [ '4.18.1' ],
42 silly audit   '@rollup/rollup-linux-arm-musleabihf': [ '4.18.1' ],
42 silly audit   '@rollup/rollup-linux-arm64-gnu': [ '4.18.1' ],
42 silly audit   '@rollup/rollup-linux-arm64-musl': [ '4.18.1' ],
42 silly audit   '@rollup/rollup-linux-powerpc64le-gnu': [ '4.18.1' ],
42 silly audit   '@rollup/rollup-linux-riscv64-gnu': [ '4.18.1' ],
42 silly audit   '@rollup/rollup-linux-s390x-gnu': [ '4.18.1' ],
42 silly audit   '@rollup/rollup-linux-x64-gnu': [ '4.18.1' ],
42 silly audit   '@rollup/rollup-linux-x64-musl': [ '4.18.1' ],
42 silly audit   '@rollup/rollup-win32-arm64-msvc': [ '4.18.1' ],
42 silly audit   '@rollup/rollup-win32-ia32-msvc': [ '4.18.1' ],
42 silly audit   '@rollup/rollup-win32-x64-msvc': [ '4.18.1' ],
42 silly audit   '@types/estree': [ '1.0.5' ],
42 silly audit   '@types/lodash': [ '4.17.6' ],
42 silly audit   '@types/lodash-es': [ '4.17.12' ],
42 silly audit   '@types/web-bluetooth': [ '0.0.16' ],
42 silly audit   '@vitejs/plugin-vue': [ '5.0.5' ],
42 silly audit   '@vue/compiler-core': [ '3.4.31' ],
42 silly audit   '@vue/compiler-dom': [ '3.4.31' ],
42 silly audit   '@vue/compiler-sfc': [ '3.4.31' ],
42 silly audit   '@vue/compiler-ssr': [ '3.4.31' ],
42 silly audit   '@vue/reactivity': [ '3.4.31' ],
42 silly audit   '@vue/runtime-core': [ '3.4.31' ],
42 silly audit   '@vue/runtime-dom': [ '3.4.31' ],
42 silly audit   '@vue/server-renderer': [ '3.4.31' ],
42 silly audit   '@vue/shared': [ '3.4.31' ],
42 silly audit   '@vueuse/core': [ '9.13.0' ],
42 silly audit   'vue-demi': [ '0.14.8' ],
42 silly audit   '@vueuse/metadata': [ '9.13.0' ],
42 silly audit   '@vueuse/shared': [ '9.13.0' ],
42 silly audit   'async-validator': [ '4.2.5' ],
42 silly audit   csstype: [ '3.1.3' ],
42 silly audit   dayjs: [ '1.11.11' ],
42 silly audit   'element-plus': [ '2.7.6' ],
42 silly audit   entities: [ '4.5.0' ],
42 silly audit   esbuild: [ '0.21.5' ],
42 silly audit   'escape-html': [ '1.0.3' ],
42 silly audit   'estree-walker': [ '2.0.2' ],
42 silly audit   fsevents: [ '2.3.3' ],
42 silly audit   lodash: [ '4.17.21' ],
42 silly audit   'lodash-es': [ '4.17.21' ],
42 silly audit   'lodash-unified': [ '1.0.3' ],
42 silly audit   'magic-string': [ '0.30.10' ],
42 silly audit   'memoize-one': [ '6.0.0' ],
42 silly audit   nanoid: [ '3.3.7' ],
42 silly audit   'normalize-wheel-es': [ '1.2.0' ],
42 silly audit   picocolors: [ '1.0.1' ],
42 silly audit   postcss: [ '8.4.39' ],
42 silly audit   rollup: [ '4.18.1' ],
42 silly audit   'source-map-js': [ '1.2.0' ],
42 silly audit   vite: [ '5.3.3' ],
42 silly audit   vue: [ '3.4.31' ],
42 silly audit   axios: [ '1.7.2' ],
42 silly audit   'follow-redirects': [ '1.15.6' ],
42 silly audit   'form-data': [ '4.0.0' ],
42 silly audit   'proxy-from-env': [ '1.1.0' ],
42 silly audit   asynckit: [ '0.4.0' ],
42 silly audit   'combined-stream': [ '1.0.8' ],
42 silly audit   'mime-types': [ '2.1.35' ],
42 silly audit   'delayed-stream': [ '1.0.0' ],
42 silly audit   'mime-db': [ '1.52.0' ]
42 silly audit }
43 verbose reify failed optional dependency D:\CRM\code\crm-front\node_modules\fsevents
44 silly reify mark deleted [ 'D:\\CRM\\code\\crm-front\\node_modules\\fsevents' ]
45 verbose reify failed optional dependency D:\CRM\code\crm-front\node_modules\@rollup\rollup-win32-ia32-msvc
46 silly reify mark deleted [
46 silly reify   'D:\\CRM\\code\\crm-front\\node_modules\\@rollup\\rollup-win32-ia32-msvc'
46 silly reify ]
47 verbose reify failed optional dependency D:\CRM\code\crm-front\node_modules\@rollup\rollup-win32-arm64-msvc
48 silly reify mark deleted [
48 silly reify   'D:\\CRM\\code\\crm-front\\node_modules\\@rollup\\rollup-win32-arm64-msvc'
48 silly reify ]
49 verbose reify failed optional dependency D:\CRM\code\crm-front\node_modules\@rollup\rollup-linux-x64-musl
50 silly reify mark deleted [
50 silly reify   'D:\\CRM\\code\\crm-front\\node_modules\\@rollup\\rollup-linux-x64-musl'
50 silly reify ]
51 verbose reify failed optional dependency D:\CRM\code\crm-front\node_modules\@rollup\rollup-linux-x64-gnu
52 silly reify mark deleted [
52 silly reify   'D:\\CRM\\code\\crm-front\\node_modules\\@rollup\\rollup-linux-x64-gnu'
52 silly reify ]
53 verbose reify failed optional dependency D:\CRM\code\crm-front\node_modules\@rollup\rollup-linux-s390x-gnu
54 silly reify mark deleted [
54 silly reify   'D:\\CRM\\code\\crm-front\\node_modules\\@rollup\\rollup-linux-s390x-gnu'
54 silly reify ]
55 verbose reify failed optional dependency D:\CRM\code\crm-front\node_modules\@rollup\rollup-linux-riscv64-gnu
56 silly reify mark deleted [
56 silly reify   'D:\\CRM\\code\\crm-front\\node_modules\\@rollup\\rollup-linux-riscv64-gnu'
56 silly reify ]
57 verbose reify failed optional dependency D:\CRM\code\crm-front\node_modules\@rollup\rollup-linux-powerpc64le-gnu
58 silly reify mark deleted [
58 silly reify   'D:\\CRM\\code\\crm-front\\node_modules\\@rollup\\rollup-linux-powerpc64le-gnu'
58 silly reify ]
59 verbose reify failed optional dependency D:\CRM\code\crm-front\node_modules\@rollup\rollup-linux-arm64-musl
60 silly reify mark deleted [
60 silly reify   'D:\\CRM\\code\\crm-front\\node_modules\\@rollup\\rollup-linux-arm64-musl'
60 silly reify ]
61 verbose reify failed optional dependency D:\CRM\code\crm-front\node_modules\@rollup\rollup-linux-arm64-gnu
62 silly reify mark deleted [
62 silly reify   'D:\\CRM\\code\\crm-front\\node_modules\\@rollup\\rollup-linux-arm64-gnu'
62 silly reify ]
63 verbose reify failed optional dependency D:\CRM\code\crm-front\node_modules\@rollup\rollup-linux-arm-musleabihf
64 silly reify mark deleted [
64 silly reify   'D:\\CRM\\code\\crm-front\\node_modules\\@rollup\\rollup-linux-arm-musleabihf'
64 silly reify ]
65 verbose reify failed optional dependency D:\CRM\code\crm-front\node_modules\@rollup\rollup-linux-arm-gnueabihf
66 silly reify mark deleted [
66 silly reify   'D:\\CRM\\code\\crm-front\\node_modules\\@rollup\\rollup-linux-arm-gnueabihf'
66 silly reify ]
67 verbose reify failed optional dependency D:\CRM\code\crm-front\node_modules\@rollup\rollup-darwin-x64
68 silly reify mark deleted [
68 silly reify   'D:\\CRM\\code\\crm-front\\node_modules\\@rollup\\rollup-darwin-x64'
68 silly reify ]
69 verbose reify failed optional dependency D:\CRM\code\crm-front\node_modules\@rollup\rollup-darwin-arm64
70 silly reify mark deleted [
70 silly reify   'D:\\CRM\\code\\crm-front\\node_modules\\@rollup\\rollup-darwin-arm64'
70 silly reify ]
71 verbose reify failed optional dependency D:\CRM\code\crm-front\node_modules\@rollup\rollup-android-arm64
72 silly reify mark deleted [
72 silly reify   'D:\\CRM\\code\\crm-front\\node_modules\\@rollup\\rollup-android-arm64'
72 silly reify ]
73 verbose reify failed optional dependency D:\CRM\code\crm-front\node_modules\@rollup\rollup-android-arm-eabi
74 silly reify mark deleted [
74 silly reify   'D:\\CRM\\code\\crm-front\\node_modules\\@rollup\\rollup-android-arm-eabi'
74 silly reify ]
75 verbose reify failed optional dependency D:\CRM\code\crm-front\node_modules\@esbuild\win32-ia32
76 silly reify mark deleted [ 'D:\\CRM\\code\\crm-front\\node_modules\\@esbuild\\win32-ia32' ]
77 verbose reify failed optional dependency D:\CRM\code\crm-front\node_modules\@esbuild\win32-arm64
78 silly reify mark deleted [ 'D:\\CRM\\code\\crm-front\\node_modules\\@esbuild\\win32-arm64' ]
79 verbose reify failed optional dependency D:\CRM\code\crm-front\node_modules\@esbuild\sunos-x64
80 silly reify mark deleted [ 'D:\\CRM\\code\\crm-front\\node_modules\\@esbuild\\sunos-x64' ]
81 verbose reify failed optional dependency D:\CRM\code\crm-front\node_modules\@esbuild\openbsd-x64
82 silly reify mark deleted [ 'D:\\CRM\\code\\crm-front\\node_modules\\@esbuild\\openbsd-x64' ]
83 verbose reify failed optional dependency D:\CRM\code\crm-front\node_modules\@esbuild\netbsd-x64
84 silly reify mark deleted [ 'D:\\CRM\\code\\crm-front\\node_modules\\@esbuild\\netbsd-x64' ]
85 verbose reify failed optional dependency D:\CRM\code\crm-front\node_modules\@esbuild\linux-x64
86 silly reify mark deleted [ 'D:\\CRM\\code\\crm-front\\node_modules\\@esbuild\\linux-x64' ]
87 verbose reify failed optional dependency D:\CRM\code\crm-front\node_modules\@esbuild\linux-s390x
88 silly reify mark deleted [ 'D:\\CRM\\code\\crm-front\\node_modules\\@esbuild\\linux-s390x' ]
89 verbose reify failed optional dependency D:\CRM\code\crm-front\node_modules\@esbuild\linux-riscv64
90 silly reify mark deleted [ 'D:\\CRM\\code\\crm-front\\node_modules\\@esbuild\\linux-riscv64' ]
91 verbose reify failed optional dependency D:\CRM\code\crm-front\node_modules\@esbuild\linux-ppc64
92 silly reify mark deleted [ 'D:\\CRM\\code\\crm-front\\node_modules\\@esbuild\\linux-ppc64' ]
93 verbose reify failed optional dependency D:\CRM\code\crm-front\node_modules\@esbuild\linux-mips64el
94 silly reify mark deleted [ 'D:\\CRM\\code\\crm-front\\node_modules\\@esbuild\\linux-mips64el' ]
95 verbose reify failed optional dependency D:\CRM\code\crm-front\node_modules\@esbuild\linux-loong64
96 silly reify mark deleted [ 'D:\\CRM\\code\\crm-front\\node_modules\\@esbuild\\linux-loong64' ]
97 verbose reify failed optional dependency D:\CRM\code\crm-front\node_modules\@esbuild\linux-ia32
98 silly reify mark deleted [ 'D:\\CRM\\code\\crm-front\\node_modules\\@esbuild\\linux-ia32' ]
99 verbose reify failed optional dependency D:\CRM\code\crm-front\node_modules\@esbuild\linux-arm64
100 silly reify mark deleted [ 'D:\\CRM\\code\\crm-front\\node_modules\\@esbuild\\linux-arm64' ]
101 verbose reify failed optional dependency D:\CRM\code\crm-front\node_modules\@esbuild\linux-arm
102 silly reify mark deleted [ 'D:\\CRM\\code\\crm-front\\node_modules\\@esbuild\\linux-arm' ]
103 verbose reify failed optional dependency D:\CRM\code\crm-front\node_modules\@esbuild\freebsd-x64
104 silly reify mark deleted [ 'D:\\CRM\\code\\crm-front\\node_modules\\@esbuild\\freebsd-x64' ]
105 verbose reify failed optional dependency D:\CRM\code\crm-front\node_modules\@esbuild\freebsd-arm64
106 silly reify mark deleted [ 'D:\\CRM\\code\\crm-front\\node_modules\\@esbuild\\freebsd-arm64' ]
107 verbose reify failed optional dependency D:\CRM\code\crm-front\node_modules\@esbuild\darwin-x64
108 silly reify mark deleted [ 'D:\\CRM\\code\\crm-front\\node_modules\\@esbuild\\darwin-x64' ]
109 verbose reify failed optional dependency D:\CRM\code\crm-front\node_modules\@esbuild\darwin-arm64
110 silly reify mark deleted [ 'D:\\CRM\\code\\crm-front\\node_modules\\@esbuild\\darwin-arm64' ]
111 verbose reify failed optional dependency D:\CRM\code\crm-front\node_modules\@esbuild\android-x64
112 silly reify mark deleted [ 'D:\\CRM\\code\\crm-front\\node_modules\\@esbuild\\android-x64' ]
113 verbose reify failed optional dependency D:\CRM\code\crm-front\node_modules\@esbuild\android-arm64
114 silly reify mark deleted [ 'D:\\CRM\\code\\crm-front\\node_modules\\@esbuild\\android-arm64' ]
115 verbose reify failed optional dependency D:\CRM\code\crm-front\node_modules\@esbuild\android-arm
116 silly reify mark deleted [ 'D:\\CRM\\code\\crm-front\\node_modules\\@esbuild\\android-arm' ]
117 verbose reify failed optional dependency D:\CRM\code\crm-front\node_modules\@esbuild\aix-ppc64
118 silly reify mark deleted [ 'D:\\CRM\\code\\crm-front\\node_modules\\@esbuild\\aix-ppc64' ]
119 http fetch POST 200 https://registry.npmjs.org/-/npm/v1/security/advisories/bulk 211ms
120 silly audit report {}
121 silly ADD node_modules/mime-db
122 silly ADD node_modules/delayed-stream
123 silly ADD node_modules/mime-types
124 silly ADD node_modules/combined-stream
125 silly ADD node_modules/asynckit
126 silly ADD node_modules/proxy-from-env
127 silly ADD node_modules/form-data
128 silly ADD node_modules/follow-redirects
129 silly ADD node_modules/axios
130 silly ADD
131 silly ADD
132 silly ADD
133 silly ADD
134 silly ADD
135 silly ADD
136 silly ADD
137 silly ADD
138 silly ADD
139 silly ADD
140 silly ADD
141 silly ADD
142 silly ADD
143 silly ADD
144 silly ADD
145 silly ADD
146 silly ADD
147 silly ADD
148 silly ADD
149 silly ADD
150 silly ADD
151 silly ADD
152 silly ADD
153 silly ADD
154 silly ADD
155 silly ADD
156 silly ADD
157 silly ADD
158 silly ADD
159 silly ADD
160 silly ADD
161 silly ADD
162 silly ADD
163 silly ADD
164 silly ADD
165 silly ADD
166 silly ADD
167 silly ADD
168 verbose exit 0
169 info ok
