0 verbose cli D:\CRM\tools\node-v20.15.1-win-x64\node.exe D:\CRM\tools\node-v20.15.1-win-x64\node_modules\npm\bin\npm-cli.js
1 info using npm@10.7.0
2 info using node@v20.15.1
3 silly config:load:file:D:\CRM\tools\node-v20.15.1-win-x64\node_modules\npm\npmrc
4 silly config:load:file:D:\CRM\code\crm-front\.npmrc
5 silly config:load:file:C:\Users\xiaom\.npmrc
6 silly config:load:file:D:\CRM\tools\node-v20.15.1-win-x64\node_global\etc\npmrc
7 verbose title npm i
8 verbose argv "i"
9 verbose logfile logs-max:10 dir:D:\CRM\tools\node-v20.15.1-win-x64\node_cache\_logs\2024-07-11T10_55_49_804Z-
10 verbose logfile D:\CRM\tools\node-v20.15.1-win-x64\node_cache\_logs\2024-07-11T10_55_49_804Z-debug-0.log
11 silly logfile done cleaning log files
12 silly idealTree buildDeps
13 silly fetch manifest vue@^3.4.29
14 http fetch GET 200 https://registry.npmjs.org/vue 206ms (cache miss)
15 silly fetch manifest typescript@*
16 http fetch GET 200 https://registry.npmjs.org/typescript 208ms (cache miss)
17 silly fetch manifest @vitejs/plugin-vue@^5.0.5
18 http fetch GET 200 https://registry.npmjs.org/@vitejs%2fplugin-vue 125ms (cache miss)
19 silly fetch manifest vite@^5.3.1
20 http fetch GET 200 https://registry.npmjs.org/vite 923ms (cache miss)
21 silly fetch manifest @types/node@^18.0.0 || >=20.0.0
22 http fetch GET 200 https://registry.npmjs.org/@types%2fnode 180ms (cache miss)
23 silly fetch manifest less@*
24 http fetch GET 200 https://registry.npmjs.org/less 55ms (cache miss)
25 silly fetch manifest lightningcss@^1.21.0
26 http fetch GET 200 https://registry.npmjs.org/lightningcss 48ms (cache miss)
27 silly fetch manifest sass@*
28 http fetch GET 200 https://registry.npmjs.org/sass 47ms (cache miss)
29 silly fetch manifest stylus@*
30 http fetch GET 200 https://registry.npmjs.org/stylus 37ms (cache miss)
31 silly fetch manifest sugarss@*
32 http fetch GET 200 https://registry.npmjs.org/sugarss 36ms (cache miss)
33 silly fetch manifest postcss@^8.3.3
34 http fetch GET 200 https://registry.npmjs.org/postcss 123ms (cache miss)
35 silly fetch manifest terser@^5.4.0
36 http fetch GET 200 https://registry.npmjs.org/terser 70ms (cache miss)
37 silly placeDep ROOT @vitejs/plugin-vue@5.0.5 OK for: crm-front@0.0.0 want: ^5.0.5
38 silly placeDep ROOT vite@5.3.3 OK for: @vitejs/plugin-vue@5.0.5 want: ^5.0.0
39 silly placeDep ROOT vue@3.4.31 OK for: @vitejs/plugin-vue@5.0.5 want: ^3.2.25
40 silly fetch manifest @vue/compiler-dom@3.4.31
41 silly fetch manifest @vue/shared@3.4.31
42 silly fetch manifest @vue/compiler-sfc@3.4.31
43 silly fetch manifest @vue/server-renderer@3.4.31
44 silly fetch manifest @vue/runtime-dom@3.4.31
45 silly fetch manifest esbuild@^0.21.3
46 silly fetch manifest postcss@^8.4.39
47 silly fetch manifest rollup@^4.13.0
48 silly fetch manifest fsevents@~2.3.3
49 http fetch GET 200 https://registry.npmjs.org/@vue%2fcompiler-dom 122ms (cache miss)
50 http fetch GET 200 https://registry.npmjs.org/fsevents 128ms (cache miss)
51 http fetch GET 200 https://registry.npmjs.org/esbuild 154ms (cache miss)
52 http fetch GET 200 https://registry.npmjs.org/@vue%2fruntime-dom 171ms (cache miss)
53 http fetch GET 200 https://registry.npmjs.org/@vue%2fshared 179ms (cache miss)
54 http fetch GET 200 https://registry.npmjs.org/@vue%2fserver-renderer 183ms (cache miss)
55 http fetch GET 200 https://registry.npmjs.org/@vue%2fcompiler-sfc 189ms (cache miss)
56 http fetch GET 200 https://registry.npmjs.org/rollup 214ms (cache miss)
57 silly placeDep ROOT esbuild@0.21.5 OK for: vite@5.3.3 want: ^0.21.3
58 silly placeDep ROOT fsevents@2.3.3 OK for: vite@5.3.3 want: ~2.3.3
59 silly placeDep ROOT postcss@8.4.39 OK for: vite@5.3.3 want: ^8.4.39
60 silly placeDep ROOT rollup@4.18.1 OK for: vite@5.3.3 want: ^4.13.0
61 silly fetch manifest @esbuild/aix-ppc64@0.21.5
62 silly fetch manifest @esbuild/linux-arm@0.21.5
63 silly fetch manifest @esbuild/linux-x64@0.21.5
64 silly fetch manifest @esbuild/sunos-x64@0.21.5
65 silly fetch manifest @esbuild/win32-x64@0.21.5
66 silly fetch manifest @esbuild/darwin-x64@0.21.5
67 silly fetch manifest @esbuild/linux-ia32@0.21.5
68 silly fetch manifest @esbuild/netbsd-x64@0.21.5
69 silly fetch manifest @esbuild/win32-ia32@0.21.5
70 silly fetch manifest @esbuild/android-arm@0.21.5
71 silly fetch manifest @esbuild/android-x64@0.21.5
72 http fetch GET 200 https://registry.npmjs.org/@esbuild%2fsunos-x64 89ms (cache miss)
73 silly fetch manifest @esbuild/freebsd-x64@0.21.5
74 http fetch GET 200 https://registry.npmjs.org/@esbuild%2fwin32-x64 95ms (cache miss)
75 silly fetch manifest @esbuild/linux-arm64@0.21.5
76 http fetch GET 200 https://registry.npmjs.org/@esbuild%2flinux-ia32 99ms (cache miss)
77 silly fetch manifest @esbuild/linux-ppc64@0.21.5
78 http fetch GET 200 https://registry.npmjs.org/@esbuild%2flinux-x64 105ms (cache miss)
79 silly fetch manifest @esbuild/linux-s390x@0.21.5
80 http fetch GET 200 https://registry.npmjs.org/@esbuild%2flinux-arm 113ms (cache miss)
81 silly fetch manifest @esbuild/openbsd-x64@0.21.5
82 http fetch GET 200 https://registry.npmjs.org/@esbuild%2fnetbsd-x64 119ms (cache miss)
83 silly fetch manifest @esbuild/win32-arm64@0.21.5
84 http fetch GET 200 https://registry.npmjs.org/@esbuild%2fdarwin-x64 124ms (cache miss)
85 silly fetch manifest @esbuild/darwin-arm64@0.21.5
86 http fetch GET 200 https://registry.npmjs.org/@esbuild%2faix-ppc64 131ms (cache miss)
87 silly fetch manifest @esbuild/android-arm64@0.21.5
88 http fetch GET 200 https://registry.npmjs.org/@esbuild%2fandroid-x64 134ms (cache miss)
89 silly fetch manifest @esbuild/freebsd-arm64@0.21.5
90 http fetch GET 200 https://registry.npmjs.org/@esbuild%2fandroid-arm 139ms (cache miss)
91 silly fetch manifest @esbuild/linux-loong64@0.21.5
92 http fetch GET 200 https://registry.npmjs.org/@esbuild%2ffreebsd-x64 75ms (cache miss)
93 silly fetch manifest @esbuild/linux-riscv64@0.21.5
94 http fetch GET 200 https://registry.npmjs.org/@esbuild%2flinux-arm64 78ms (cache miss)
95 silly fetch manifest @esbuild/linux-mips64el@0.21.5
96 http fetch GET 200 https://registry.npmjs.org/@esbuild%2flinux-s390x 76ms (cache miss)
97 silly fetch manifest nanoid@^3.3.7
98 http fetch GET 200 https://registry.npmjs.org/@esbuild%2flinux-ppc64 84ms (cache miss)
99 silly fetch manifest picocolors@^1.0.1
100 http fetch GET 200 https://registry.npmjs.org/@esbuild%2fwin32-arm64 83ms (cache miss)
101 silly fetch manifest source-map-js@^1.2.0
102 http fetch GET 200 https://registry.npmjs.org/@esbuild%2fdarwin-arm64 90ms (cache miss)
103 silly fetch manifest @types/estree@1.0.5
104 http fetch GET 200 https://registry.npmjs.org/@esbuild%2fopenbsd-x64 108ms (cache miss)
105 silly fetch manifest @rollup/rollup-darwin-arm64@4.18.1
106 http fetch GET 200 https://registry.npmjs.org/picocolors 47ms (cache miss)
107 silly fetch manifest @rollup/rollup-android-arm64@4.18.1
108 http fetch GET 200 https://registry.npmjs.org/@esbuild%2fandroid-arm64 109ms (cache miss)
109 silly fetch manifest @rollup/rollup-win32-arm64-msvc@4.18.1
110 http fetch GET 200 https://registry.npmjs.org/@esbuild%2ffreebsd-arm64 103ms (cache miss)
111 silly fetch manifest @rollup/rollup-linux-arm64-gnu@4.18.1
112 http fetch GET 200 https://registry.npmjs.org/@esbuild%2flinux-loong64 107ms (cache miss)
113 silly fetch manifest @rollup/rollup-linux-arm64-musl@4.18.1
114 http fetch GET 200 https://registry.npmjs.org/@esbuild%2fwin32-ia32 253ms (cache miss)
115 silly fetch manifest @rollup/rollup-android-arm-eabi@4.18.1
116 http fetch GET 200 https://registry.npmjs.org/@esbuild%2flinux-riscv64 98ms (cache miss)
117 silly fetch manifest @rollup/rollup-linux-arm-gnueabihf@4.18.1
118 http fetch GET 200 https://registry.npmjs.org/nanoid 86ms (cache miss)
119 silly fetch manifest @rollup/rollup-linux-arm-musleabihf@4.18.1
120 http fetch GET 200 https://registry.npmjs.org/source-map-js 69ms (cache miss)
121 silly fetch manifest @rollup/rollup-win32-ia32-msvc@4.18.1
122 http fetch GET 200 https://registry.npmjs.org/@types%2festree 62ms (cache miss)
123 silly fetch manifest @rollup/rollup-linux-riscv64-gnu@4.18.1
124 http fetch GET 200 https://registry.npmjs.org/@esbuild%2flinux-mips64el 108ms (cache miss)
125 silly fetch manifest @rollup/rollup-linux-powerpc64le-gnu@4.18.1
126 http fetch GET 200 https://registry.npmjs.org/@rollup%2frollup-darwin-arm64 75ms (cache miss)
127 silly fetch manifest @rollup/rollup-linux-s390x-gnu@4.18.1
128 http fetch GET 200 https://registry.npmjs.org/@rollup%2frollup-android-arm64 76ms (cache miss)
129 silly fetch manifest @rollup/rollup-darwin-x64@4.18.1
130 http fetch GET 200 https://registry.npmjs.org/@rollup%2frollup-linux-arm64-gnu 70ms (cache miss)
131 silly fetch manifest @rollup/rollup-win32-x64-msvc@4.18.1
132 http fetch GET 200 https://registry.npmjs.org/@rollup%2frollup-linux-arm64-musl 74ms (cache miss)
133 silly fetch manifest @rollup/rollup-linux-x64-gnu@4.18.1
134 http fetch GET 200 https://registry.npmjs.org/@rollup%2frollup-android-arm-eabi 73ms (cache miss)
135 silly fetch manifest @rollup/rollup-linux-x64-musl@4.18.1
136 http fetch GET 200 https://registry.npmjs.org/@rollup%2frollup-win32-arm64-msvc 104ms (cache miss)
137 http fetch GET 200 https://registry.npmjs.org/@rollup%2frollup-win32-ia32-msvc 71ms (cache miss)
138 http fetch GET 200 https://registry.npmjs.org/@rollup%2frollup-linux-arm-musleabihf 80ms (cache miss)
139 http fetch GET 200 https://registry.npmjs.org/@rollup%2frollup-linux-powerpc64le-gnu 70ms (cache miss)
140 http fetch GET 200 https://registry.npmjs.org/@rollup%2frollup-linux-riscv64-gnu 74ms (cache miss)
141 http fetch GET 200 https://registry.npmjs.org/@rollup%2frollup-linux-s390x-gnu 80ms (cache miss)
142 http fetch GET 200 https://registry.npmjs.org/@rollup%2frollup-darwin-x64 79ms (cache miss)
143 http fetch GET 200 https://registry.npmjs.org/@rollup%2frollup-linux-arm-gnueabihf 272ms (cache miss)
144 http fetch GET 200 https://registry.npmjs.org/@rollup%2frollup-linux-x64-gnu 856ms (cache miss)
145 http fetch GET 200 https://registry.npmjs.org/@rollup%2frollup-linux-x64-musl 1234ms (cache miss)
146 http fetch GET 200 https://registry.npmjs.org/@rollup%2frollup-win32-x64-msvc 1284ms (cache miss)
147 silly placeDep ROOT @esbuild/aix-ppc64@0.21.5 OK for: esbuild@0.21.5 want: 0.21.5
148 silly placeDep ROOT @esbuild/android-arm@0.21.5 OK for: esbuild@0.21.5 want: 0.21.5
149 silly placeDep ROOT @esbuild/android-arm64@0.21.5 OK for: esbuild@0.21.5 want: 0.21.5
150 silly placeDep ROOT @esbuild/android-x64@0.21.5 OK for: esbuild@0.21.5 want: 0.21.5
151 silly placeDep ROOT @esbuild/darwin-arm64@0.21.5 OK for: esbuild@0.21.5 want: 0.21.5
152 silly placeDep ROOT @esbuild/darwin-x64@0.21.5 OK for: esbuild@0.21.5 want: 0.21.5
153 silly placeDep ROOT @esbuild/freebsd-arm64@0.21.5 OK for: esbuild@0.21.5 want: 0.21.5
154 silly placeDep ROOT @esbuild/freebsd-x64@0.21.5 OK for: esbuild@0.21.5 want: 0.21.5
155 silly placeDep ROOT @esbuild/linux-arm@0.21.5 OK for: esbuild@0.21.5 want: 0.21.5
156 silly placeDep ROOT @esbuild/linux-arm64@0.21.5 OK for: esbuild@0.21.5 want: 0.21.5
157 silly placeDep ROOT @esbuild/linux-ia32@0.21.5 OK for: esbuild@0.21.5 want: 0.21.5
158 silly placeDep ROOT @esbuild/linux-loong64@0.21.5 OK for: esbuild@0.21.5 want: 0.21.5
159 silly placeDep ROOT @esbuild/linux-mips64el@0.21.5 OK for: esbuild@0.21.5 want: 0.21.5
160 silly placeDep ROOT @esbuild/linux-ppc64@0.21.5 OK for: esbuild@0.21.5 want: 0.21.5
161 silly placeDep ROOT @esbuild/linux-riscv64@0.21.5 OK for: esbuild@0.21.5 want: 0.21.5
162 silly placeDep ROOT @esbuild/linux-s390x@0.21.5 OK for: esbuild@0.21.5 want: 0.21.5
163 silly placeDep ROOT @esbuild/linux-x64@0.21.5 OK for: esbuild@0.21.5 want: 0.21.5
164 silly placeDep ROOT @esbuild/netbsd-x64@0.21.5 OK for: esbuild@0.21.5 want: 0.21.5
165 silly placeDep ROOT @esbuild/openbsd-x64@0.21.5 OK for: esbuild@0.21.5 want: 0.21.5
166 silly placeDep ROOT @esbuild/sunos-x64@0.21.5 OK for: esbuild@0.21.5 want: 0.21.5
167 silly placeDep ROOT @esbuild/win32-arm64@0.21.5 OK for: esbuild@0.21.5 want: 0.21.5
168 silly placeDep ROOT @esbuild/win32-ia32@0.21.5 OK for: esbuild@0.21.5 want: 0.21.5
169 silly placeDep ROOT @esbuild/win32-x64@0.21.5 OK for: esbuild@0.21.5 want: 0.21.5
170 silly placeDep ROOT nanoid@3.3.7 OK for: postcss@8.4.39 want: ^3.3.7
171 silly placeDep ROOT picocolors@1.0.1 OK for: postcss@8.4.39 want: ^1.0.1
172 silly placeDep ROOT source-map-js@1.2.0 OK for: postcss@8.4.39 want: ^1.2.0
173 silly placeDep ROOT @rollup/rollup-android-arm-eabi@4.18.1 OK for: rollup@4.18.1 want: 4.18.1
174 silly placeDep ROOT @rollup/rollup-android-arm64@4.18.1 OK for: rollup@4.18.1 want: 4.18.1
175 silly placeDep ROOT @rollup/rollup-darwin-arm64@4.18.1 OK for: rollup@4.18.1 want: 4.18.1
176 silly placeDep ROOT @rollup/rollup-darwin-x64@4.18.1 OK for: rollup@4.18.1 want: 4.18.1
177 silly placeDep ROOT @rollup/rollup-linux-arm-gnueabihf@4.18.1 OK for: rollup@4.18.1 want: 4.18.1
178 silly placeDep ROOT @rollup/rollup-linux-arm-musleabihf@4.18.1 OK for: rollup@4.18.1 want: 4.18.1
179 silly placeDep ROOT @rollup/rollup-linux-arm64-gnu@4.18.1 OK for: rollup@4.18.1 want: 4.18.1
180 silly placeDep ROOT @rollup/rollup-linux-arm64-musl@4.18.1 OK for: rollup@4.18.1 want: 4.18.1
181 silly placeDep ROOT @rollup/rollup-linux-powerpc64le-gnu@4.18.1 OK for: rollup@4.18.1 want: 4.18.1
182 silly placeDep ROOT @rollup/rollup-linux-riscv64-gnu@4.18.1 OK for: rollup@4.18.1 want: 4.18.1
183 silly placeDep ROOT @rollup/rollup-linux-s390x-gnu@4.18.1 OK for: rollup@4.18.1 want: 4.18.1
184 silly placeDep ROOT @rollup/rollup-linux-x64-gnu@4.18.1 OK for: rollup@4.18.1 want: 4.18.1
185 silly placeDep ROOT @rollup/rollup-linux-x64-musl@4.18.1 OK for: rollup@4.18.1 want: 4.18.1
186 silly placeDep ROOT @rollup/rollup-win32-arm64-msvc@4.18.1 OK for: rollup@4.18.1 want: 4.18.1
187 silly placeDep ROOT @rollup/rollup-win32-ia32-msvc@4.18.1 OK for: rollup@4.18.1 want: 4.18.1
188 silly placeDep ROOT @rollup/rollup-win32-x64-msvc@4.18.1 OK for: rollup@4.18.1 want: 4.18.1
189 silly placeDep ROOT @types/estree@1.0.5 OK for: rollup@4.18.1 want: 1.0.5
190 silly fetch manifest vue@3.4.31
191 silly placeDep ROOT @vue/compiler-dom@3.4.31 OK for: vue@3.4.31 want: 3.4.31
192 silly placeDep ROOT @vue/compiler-sfc@3.4.31 OK for: vue@3.4.31 want: 3.4.31
193 silly placeDep ROOT @vue/runtime-dom@3.4.31 OK for: vue@3.4.31 want: 3.4.31
194 silly placeDep ROOT @vue/server-renderer@3.4.31 OK for: vue@3.4.31 want: 3.4.31
195 silly placeDep ROOT @vue/shared@3.4.31 OK for: vue@3.4.31 want: 3.4.31
196 silly fetch manifest @vue/compiler-core@3.4.31
197 silly fetch manifest @babel/parser@^7.24.7
198 silly fetch manifest estree-walker@^2.0.2
199 silly fetch manifest magic-string@^0.30.10
200 silly fetch manifest @vue/compiler-ssr@3.4.31
201 silly fetch manifest csstype@^3.1.3
202 silly fetch manifest @vue/runtime-core@3.4.31
203 silly fetch manifest @vue/reactivity@3.4.31
204 http fetch GET 200 https://registry.npmjs.org/estree-walker 44ms (cache miss)
205 http fetch GET 200 https://registry.npmjs.org/csstype 45ms (cache miss)
206 http fetch GET 200 https://registry.npmjs.org/magic-string 62ms (cache miss)
207 http fetch GET 200 https://registry.npmjs.org/@babel%2fparser 72ms (cache miss)
208 http fetch GET 200 https://registry.npmjs.org/@vue%2fcompiler-core 95ms (cache miss)
209 http fetch GET 200 https://registry.npmjs.org/@vue%2freactivity 93ms (cache miss)
210 http fetch GET 200 https://registry.npmjs.org/@vue%2fcompiler-ssr 108ms (cache miss)
211 http fetch GET 200 https://registry.npmjs.org/@vue%2fruntime-core 121ms (cache miss)
212 silly placeDep ROOT @vue/compiler-core@3.4.31 OK for: @vue/compiler-dom@3.4.31 want: 3.4.31
213 silly fetch manifest entities@^4.5.0
214 http fetch GET 200 https://registry.npmjs.org/entities 35ms (cache miss)
215 silly placeDep ROOT @babel/parser@7.24.7 OK for: @vue/compiler-core@3.4.31 want: ^7.24.7
216 silly placeDep ROOT entities@4.5.0 OK for: @vue/compiler-core@3.4.31 want: ^4.5.0
217 silly placeDep ROOT estree-walker@2.0.2 OK for: @vue/compiler-core@3.4.31 want: ^2.0.2
218 silly placeDep ROOT @vue/compiler-ssr@3.4.31 OK for: @vue/compiler-sfc@3.4.31 want: 3.4.31
219 silly placeDep ROOT magic-string@0.30.10 OK for: @vue/compiler-sfc@3.4.31 want: ^0.30.10
220 silly fetch manifest @jridgewell/sourcemap-codec@^1.4.15
221 http fetch GET 200 https://registry.npmjs.org/@jridgewell%2fsourcemap-codec 80ms (cache miss)
222 silly placeDep ROOT @vue/reactivity@3.4.31 OK for: @vue/runtime-dom@3.4.31 want: 3.4.31
223 silly placeDep ROOT @vue/runtime-core@3.4.31 OK for: @vue/runtime-dom@3.4.31 want: 3.4.31
224 silly placeDep ROOT csstype@3.1.3 OK for: @vue/runtime-dom@3.4.31 want: ^3.1.3
225 silly placeDep ROOT @jridgewell/sourcemap-codec@1.5.0 OK for: magic-string@0.30.10 want: ^1.4.15
226 silly reify moves {}
227 silly audit bulk request {
227 silly audit   '@vitejs/plugin-vue': [ '5.0.5' ],
227 silly audit   vite: [ '5.3.3' ],
227 silly audit   vue: [ '3.4.31' ],
227 silly audit   esbuild: [ '0.21.5' ],
227 silly audit   fsevents: [ '2.3.3' ],
227 silly audit   postcss: [ '8.4.39' ],
227 silly audit   rollup: [ '4.18.1' ],
227 silly audit   '@esbuild/aix-ppc64': [ '0.21.5' ],
227 silly audit   '@esbuild/android-arm': [ '0.21.5' ],
227 silly audit   '@esbuild/android-arm64': [ '0.21.5' ],
227 silly audit   '@esbuild/android-x64': [ '0.21.5' ],
227 silly audit   '@esbuild/darwin-arm64': [ '0.21.5' ],
227 silly audit   '@esbuild/darwin-x64': [ '0.21.5' ],
227 silly audit   '@esbuild/freebsd-arm64': [ '0.21.5' ],
227 silly audit   '@esbuild/freebsd-x64': [ '0.21.5' ],
227 silly audit   '@esbuild/linux-arm': [ '0.21.5' ],
227 silly audit   '@esbuild/linux-arm64': [ '0.21.5' ],
227 silly audit   '@esbuild/linux-ia32': [ '0.21.5' ],
227 silly audit   '@esbuild/linux-loong64': [ '0.21.5' ],
227 silly audit   '@esbuild/linux-mips64el': [ '0.21.5' ],
227 silly audit   '@esbuild/linux-ppc64': [ '0.21.5' ],
227 silly audit   '@esbuild/linux-riscv64': [ '0.21.5' ],
227 silly audit   '@esbuild/linux-s390x': [ '0.21.5' ],
227 silly audit   '@esbuild/linux-x64': [ '0.21.5' ],
227 silly audit   '@esbuild/netbsd-x64': [ '0.21.5' ],
227 silly audit   '@esbuild/openbsd-x64': [ '0.21.5' ],
227 silly audit   '@esbuild/sunos-x64': [ '0.21.5' ],
227 silly audit   '@esbuild/win32-arm64': [ '0.21.5' ],
227 silly audit   '@esbuild/win32-ia32': [ '0.21.5' ],
227 silly audit   '@esbuild/win32-x64': [ '0.21.5' ],
227 silly audit   nanoid: [ '3.3.7' ],
227 silly audit   picocolors: [ '1.0.1' ],
227 silly audit   'source-map-js': [ '1.2.0' ],
227 silly audit   '@rollup/rollup-android-arm-eabi': [ '4.18.1' ],
227 silly audit   '@rollup/rollup-android-arm64': [ '4.18.1' ],
227 silly audit   '@rollup/rollup-darwin-arm64': [ '4.18.1' ],
227 silly audit   '@rollup/rollup-darwin-x64': [ '4.18.1' ],
227 silly audit   '@rollup/rollup-linux-arm-gnueabihf': [ '4.18.1' ],
227 silly audit   '@rollup/rollup-linux-arm-musleabihf': [ '4.18.1' ],
227 silly audit   '@rollup/rollup-linux-arm64-gnu': [ '4.18.1' ],
227 silly audit   '@rollup/rollup-linux-arm64-musl': [ '4.18.1' ],
227 silly audit   '@rollup/rollup-linux-powerpc64le-gnu': [ '4.18.1' ],
227 silly audit   '@rollup/rollup-linux-riscv64-gnu': [ '4.18.1' ],
227 silly audit   '@rollup/rollup-linux-s390x-gnu': [ '4.18.1' ],
227 silly audit   '@rollup/rollup-linux-x64-gnu': [ '4.18.1' ],
227 silly audit   '@rollup/rollup-linux-x64-musl': [ '4.18.1' ],
227 silly audit   '@rollup/rollup-win32-arm64-msvc': [ '4.18.1' ],
227 silly audit   '@rollup/rollup-win32-ia32-msvc': [ '4.18.1' ],
227 silly audit   '@rollup/rollup-win32-x64-msvc': [ '4.18.1' ],
227 silly audit   '@types/estree': [ '1.0.5' ],
227 silly audit   '@vue/compiler-dom': [ '3.4.31' ],
227 silly audit   '@vue/compiler-sfc': [ '3.4.31' ],
227 silly audit   '@vue/runtime-dom': [ '3.4.31' ],
227 silly audit   '@vue/server-renderer': [ '3.4.31' ],
227 silly audit   '@vue/shared': [ '3.4.31' ],
227 silly audit   '@vue/compiler-core': [ '3.4.31' ],
227 silly audit   '@babel/parser': [ '7.24.7' ],
227 silly audit   entities: [ '4.5.0' ],
227 silly audit   'estree-walker': [ '2.0.2' ],
227 silly audit   '@vue/compiler-ssr': [ '3.4.31' ],
227 silly audit   'magic-string': [ '0.30.10' ],
227 silly audit   '@vue/reactivity': [ '3.4.31' ],
227 silly audit   '@vue/runtime-core': [ '3.4.31' ],
227 silly audit   csstype: [ '3.1.3' ],
227 silly audit   '@jridgewell/sourcemap-codec': [ '1.5.0' ]
227 silly audit }
228 verbose reify failed optional dependency D:\CRM\code\crm-front\node_modules\@rollup\rollup-win32-ia32-msvc
229 silly reify mark deleted [
229 silly reify   'D:\\CRM\\code\\crm-front\\node_modules\\@rollup\\rollup-win32-ia32-msvc'
229 silly reify ]
230 verbose reify failed optional dependency D:\CRM\code\crm-front\node_modules\@rollup\rollup-win32-arm64-msvc
231 silly reify mark deleted [
231 silly reify   'D:\\CRM\\code\\crm-front\\node_modules\\@rollup\\rollup-win32-arm64-msvc'
231 silly reify ]
232 verbose reify failed optional dependency D:\CRM\code\crm-front\node_modules\@rollup\rollup-linux-x64-musl
233 silly reify mark deleted [
233 silly reify   'D:\\CRM\\code\\crm-front\\node_modules\\@rollup\\rollup-linux-x64-musl'
233 silly reify ]
234 verbose reify failed optional dependency D:\CRM\code\crm-front\node_modules\@rollup\rollup-linux-x64-gnu
235 silly reify mark deleted [
235 silly reify   'D:\\CRM\\code\\crm-front\\node_modules\\@rollup\\rollup-linux-x64-gnu'
235 silly reify ]
236 verbose reify failed optional dependency D:\CRM\code\crm-front\node_modules\@rollup\rollup-linux-s390x-gnu
237 silly reify mark deleted [
237 silly reify   'D:\\CRM\\code\\crm-front\\node_modules\\@rollup\\rollup-linux-s390x-gnu'
237 silly reify ]
238 verbose reify failed optional dependency D:\CRM\code\crm-front\node_modules\@rollup\rollup-linux-riscv64-gnu
239 silly reify mark deleted [
239 silly reify   'D:\\CRM\\code\\crm-front\\node_modules\\@rollup\\rollup-linux-riscv64-gnu'
239 silly reify ]
240 verbose reify failed optional dependency D:\CRM\code\crm-front\node_modules\@rollup\rollup-linux-powerpc64le-gnu
241 silly reify mark deleted [
241 silly reify   'D:\\CRM\\code\\crm-front\\node_modules\\@rollup\\rollup-linux-powerpc64le-gnu'
241 silly reify ]
242 verbose reify failed optional dependency D:\CRM\code\crm-front\node_modules\@rollup\rollup-linux-arm64-musl
243 silly reify mark deleted [
243 silly reify   'D:\\CRM\\code\\crm-front\\node_modules\\@rollup\\rollup-linux-arm64-musl'
243 silly reify ]
244 verbose reify failed optional dependency D:\CRM\code\crm-front\node_modules\@rollup\rollup-linux-arm64-gnu
245 silly reify mark deleted [
245 silly reify   'D:\\CRM\\code\\crm-front\\node_modules\\@rollup\\rollup-linux-arm64-gnu'
245 silly reify ]
246 verbose reify failed optional dependency D:\CRM\code\crm-front\node_modules\@rollup\rollup-linux-arm-musleabihf
247 silly reify mark deleted [
247 silly reify   'D:\\CRM\\code\\crm-front\\node_modules\\@rollup\\rollup-linux-arm-musleabihf'
247 silly reify ]
248 verbose reify failed optional dependency D:\CRM\code\crm-front\node_modules\@rollup\rollup-linux-arm-gnueabihf
249 silly reify mark deleted [
249 silly reify   'D:\\CRM\\code\\crm-front\\node_modules\\@rollup\\rollup-linux-arm-gnueabihf'
249 silly reify ]
250 verbose reify failed optional dependency D:\CRM\code\crm-front\node_modules\@rollup\rollup-darwin-x64
251 silly reify mark deleted [
251 silly reify   'D:\\CRM\\code\\crm-front\\node_modules\\@rollup\\rollup-darwin-x64'
251 silly reify ]
252 verbose reify failed optional dependency D:\CRM\code\crm-front\node_modules\@rollup\rollup-darwin-arm64
253 silly reify mark deleted [
253 silly reify   'D:\\CRM\\code\\crm-front\\node_modules\\@rollup\\rollup-darwin-arm64'
253 silly reify ]
254 verbose reify failed optional dependency D:\CRM\code\crm-front\node_modules\@rollup\rollup-android-arm64
255 silly reify mark deleted [
255 silly reify   'D:\\CRM\\code\\crm-front\\node_modules\\@rollup\\rollup-android-arm64'
255 silly reify ]
256 verbose reify failed optional dependency D:\CRM\code\crm-front\node_modules\@rollup\rollup-android-arm-eabi
257 silly reify mark deleted [
257 silly reify   'D:\\CRM\\code\\crm-front\\node_modules\\@rollup\\rollup-android-arm-eabi'
257 silly reify ]
258 verbose reify failed optional dependency D:\CRM\code\crm-front\node_modules\@esbuild\win32-ia32
259 silly reify mark deleted [ 'D:\\CRM\\code\\crm-front\\node_modules\\@esbuild\\win32-ia32' ]
260 verbose reify failed optional dependency D:\CRM\code\crm-front\node_modules\@esbuild\win32-arm64
261 silly reify mark deleted [ 'D:\\CRM\\code\\crm-front\\node_modules\\@esbuild\\win32-arm64' ]
262 verbose reify failed optional dependency D:\CRM\code\crm-front\node_modules\@esbuild\sunos-x64
263 silly reify mark deleted [ 'D:\\CRM\\code\\crm-front\\node_modules\\@esbuild\\sunos-x64' ]
264 verbose reify failed optional dependency D:\CRM\code\crm-front\node_modules\@esbuild\openbsd-x64
265 silly reify mark deleted [ 'D:\\CRM\\code\\crm-front\\node_modules\\@esbuild\\openbsd-x64' ]
266 verbose reify failed optional dependency D:\CRM\code\crm-front\node_modules\@esbuild\netbsd-x64
267 silly reify mark deleted [ 'D:\\CRM\\code\\crm-front\\node_modules\\@esbuild\\netbsd-x64' ]
268 verbose reify failed optional dependency D:\CRM\code\crm-front\node_modules\@esbuild\linux-x64
269 silly reify mark deleted [ 'D:\\CRM\\code\\crm-front\\node_modules\\@esbuild\\linux-x64' ]
270 verbose reify failed optional dependency D:\CRM\code\crm-front\node_modules\@esbuild\linux-s390x
271 silly reify mark deleted [ 'D:\\CRM\\code\\crm-front\\node_modules\\@esbuild\\linux-s390x' ]
272 verbose reify failed optional dependency D:\CRM\code\crm-front\node_modules\@esbuild\linux-riscv64
273 silly reify mark deleted [ 'D:\\CRM\\code\\crm-front\\node_modules\\@esbuild\\linux-riscv64' ]
274 verbose reify failed optional dependency D:\CRM\code\crm-front\node_modules\@esbuild\linux-ppc64
275 silly reify mark deleted [ 'D:\\CRM\\code\\crm-front\\node_modules\\@esbuild\\linux-ppc64' ]
276 verbose reify failed optional dependency D:\CRM\code\crm-front\node_modules\@esbuild\linux-mips64el
277 silly reify mark deleted [ 'D:\\CRM\\code\\crm-front\\node_modules\\@esbuild\\linux-mips64el' ]
278 verbose reify failed optional dependency D:\CRM\code\crm-front\node_modules\@esbuild\linux-loong64
279 silly reify mark deleted [ 'D:\\CRM\\code\\crm-front\\node_modules\\@esbuild\\linux-loong64' ]
280 verbose reify failed optional dependency D:\CRM\code\crm-front\node_modules\@esbuild\linux-ia32
281 silly reify mark deleted [ 'D:\\CRM\\code\\crm-front\\node_modules\\@esbuild\\linux-ia32' ]
282 verbose reify failed optional dependency D:\CRM\code\crm-front\node_modules\@esbuild\linux-arm64
283 silly reify mark deleted [ 'D:\\CRM\\code\\crm-front\\node_modules\\@esbuild\\linux-arm64' ]
284 verbose reify failed optional dependency D:\CRM\code\crm-front\node_modules\@esbuild\linux-arm
285 silly reify mark deleted [ 'D:\\CRM\\code\\crm-front\\node_modules\\@esbuild\\linux-arm' ]
286 verbose reify failed optional dependency D:\CRM\code\crm-front\node_modules\@esbuild\freebsd-x64
287 silly reify mark deleted [ 'D:\\CRM\\code\\crm-front\\node_modules\\@esbuild\\freebsd-x64' ]
288 verbose reify failed optional dependency D:\CRM\code\crm-front\node_modules\@esbuild\freebsd-arm64
289 silly reify mark deleted [ 'D:\\CRM\\code\\crm-front\\node_modules\\@esbuild\\freebsd-arm64' ]
290 verbose reify failed optional dependency D:\CRM\code\crm-front\node_modules\@esbuild\darwin-x64
291 silly reify mark deleted [ 'D:\\CRM\\code\\crm-front\\node_modules\\@esbuild\\darwin-x64' ]
292 verbose reify failed optional dependency D:\CRM\code\crm-front\node_modules\@esbuild\darwin-arm64
293 silly reify mark deleted [ 'D:\\CRM\\code\\crm-front\\node_modules\\@esbuild\\darwin-arm64' ]
294 verbose reify failed optional dependency D:\CRM\code\crm-front\node_modules\@esbuild\android-x64
295 silly reify mark deleted [ 'D:\\CRM\\code\\crm-front\\node_modules\\@esbuild\\android-x64' ]
296 verbose reify failed optional dependency D:\CRM\code\crm-front\node_modules\@esbuild\android-arm64
297 silly reify mark deleted [ 'D:\\CRM\\code\\crm-front\\node_modules\\@esbuild\\android-arm64' ]
298 verbose reify failed optional dependency D:\CRM\code\crm-front\node_modules\@esbuild\android-arm
299 silly reify mark deleted [ 'D:\\CRM\\code\\crm-front\\node_modules\\@esbuild\\android-arm' ]
300 verbose reify failed optional dependency D:\CRM\code\crm-front\node_modules\@esbuild\aix-ppc64
301 silly reify mark deleted [ 'D:\\CRM\\code\\crm-front\\node_modules\\@esbuild\\aix-ppc64' ]
302 verbose reify failed optional dependency D:\CRM\code\crm-front\node_modules\fsevents
303 silly reify mark deleted [ 'D:\\CRM\\code\\crm-front\\node_modules\\fsevents' ]
304 silly tarball no local data for @jridgewell/sourcemap-codec@https://registry.npmjs.org/@jridgewell/sourcemap-codec/-/sourcemap-codec-1.5.0.tgz. Extracting by manifest.
305 silly tarball no local data for csstype@https://registry.npmjs.org/csstype/-/csstype-3.1.3.tgz. Extracting by manifest.
306 silly tarball no local data for @vue/runtime-core@https://registry.npmjs.org/@vue/runtime-core/-/runtime-core-3.4.31.tgz. Extracting by manifest.
307 silly tarball no local data for magic-string@https://registry.npmjs.org/magic-string/-/magic-string-0.30.10.tgz. Extracting by manifest.
308 silly tarball no local data for @vue/reactivity@https://registry.npmjs.org/@vue/reactivity/-/reactivity-3.4.31.tgz. Extracting by manifest.
309 silly tarball no local data for @vue/compiler-ssr@https://registry.npmjs.org/@vue/compiler-ssr/-/compiler-ssr-3.4.31.tgz. Extracting by manifest.
310 silly tarball no local data for estree-walker@https://registry.npmjs.org/estree-walker/-/estree-walker-2.0.2.tgz. Extracting by manifest.
311 silly tarball no local data for entities@https://registry.npmjs.org/entities/-/entities-4.5.0.tgz. Extracting by manifest.
312 silly tarball no local data for @babel/parser@https://registry.npmjs.org/@babel/parser/-/parser-7.24.7.tgz. Extracting by manifest.
313 silly tarball no local data for @vue/compiler-core@https://registry.npmjs.org/@vue/compiler-core/-/compiler-core-3.4.31.tgz. Extracting by manifest.
314 silly tarball no local data for @vue/shared@https://registry.npmjs.org/@vue/shared/-/shared-3.4.31.tgz. Extracting by manifest.
315 silly tarball no local data for @vue/runtime-dom@https://registry.npmjs.org/@vue/runtime-dom/-/runtime-dom-3.4.31.tgz. Extracting by manifest.
316 silly tarball no local data for @vue/server-renderer@https://registry.npmjs.org/@vue/server-renderer/-/server-renderer-3.4.31.tgz. Extracting by manifest.
317 silly tarball no local data for @types/estree@https://registry.npmjs.org/@types/estree/-/estree-1.0.5.tgz. Extracting by manifest.
318 silly tarball no local data for @vue/compiler-sfc@https://registry.npmjs.org/@vue/compiler-sfc/-/compiler-sfc-3.4.31.tgz. Extracting by manifest.
319 silly tarball no local data for @vue/compiler-dom@https://registry.npmjs.org/@vue/compiler-dom/-/compiler-dom-3.4.31.tgz. Extracting by manifest.
320 silly tarball no local data for @rollup/rollup-win32-x64-msvc@https://registry.npmjs.org/@rollup/rollup-win32-x64-msvc/-/rollup-win32-x64-msvc-4.18.1.tgz. Extracting by manifest.
321 silly tarball no local data for source-map-js@https://registry.npmjs.org/source-map-js/-/source-map-js-1.2.0.tgz. Extracting by manifest.
322 silly tarball no local data for picocolors@https://registry.npmjs.org/picocolors/-/picocolors-1.0.1.tgz. Extracting by manifest.
323 silly tarball no local data for nanoid@https://registry.npmjs.org/nanoid/-/nanoid-3.3.7.tgz. Extracting by manifest.
324 silly tarball no local data for @esbuild/win32-x64@https://registry.npmjs.org/@esbuild/win32-x64/-/win32-x64-0.21.5.tgz. Extracting by manifest.
325 silly tarball no local data for rollup@https://registry.npmjs.org/rollup/-/rollup-4.18.1.tgz. Extracting by manifest.
326 silly tarball no local data for postcss@https://registry.npmjs.org/postcss/-/postcss-8.4.39.tgz. Extracting by manifest.
327 silly tarball no local data for esbuild@https://registry.npmjs.org/esbuild/-/esbuild-0.21.5.tgz. Extracting by manifest.
328 silly tarball no local data for vite@https://registry.npmjs.org/vite/-/vite-5.3.3.tgz. Extracting by manifest.
329 silly tarball no local data for vue@https://registry.npmjs.org/vue/-/vue-3.4.31.tgz. Extracting by manifest.
330 silly tarball no local data for @vitejs/plugin-vue@https://registry.npmjs.org/@vitejs/plugin-vue/-/plugin-vue-5.0.5.tgz. Extracting by manifest.
331 http fetch GET 200 https://registry.npmjs.org/estree-walker/-/estree-walker-2.0.2.tgz 99ms (cache miss)
332 http fetch POST 200 https://registry.npmjs.org/-/npm/v1/security/advisories/bulk 382ms
333 silly audit report {}
334 http fetch GET 200 https://registry.npmjs.org/@vue/compiler-ssr/-/compiler-ssr-3.4.31.tgz 377ms (cache miss)
335 http fetch GET 200 https://registry.npmjs.org/picocolors/-/picocolors-1.0.1.tgz 628ms (cache miss)
336 http fetch GET 200 https://registry.npmjs.org/nanoid/-/nanoid-3.3.7.tgz 731ms (cache miss)
337 http fetch GET 200 https://registry.npmjs.org/@types/estree/-/estree-1.0.5.tgz 945ms (cache miss)
338 http fetch GET 200 https://registry.npmjs.org/@jridgewell/sourcemap-codec/-/sourcemap-codec-1.5.0.tgz 1238ms (cache miss)
339 http fetch GET 200 https://registry.npmjs.org/@vue/shared/-/shared-3.4.31.tgz 1422ms (cache miss)
340 http fetch GET 200 https://registry.npmjs.org/source-map-js/-/source-map-js-1.2.0.tgz 1615ms (cache miss)
341 http fetch GET 200 https://registry.npmjs.org/magic-string/-/magic-string-0.30.10.tgz 1648ms (cache miss)
342 http fetch GET 200 https://registry.npmjs.org/esbuild/-/esbuild-0.21.5.tgz 1742ms (cache miss)
343 http fetch GET 200 https://registry.npmjs.org/@vue/compiler-core/-/compiler-core-3.4.31.tgz 1943ms (cache miss)
344 http fetch GET 200 https://registry.npmjs.org/@vue/reactivity/-/reactivity-3.4.31.tgz 2025ms (cache miss)
345 http fetch GET 200 https://registry.npmjs.org/@vitejs/plugin-vue/-/plugin-vue-5.0.5.tgz 2020ms (cache miss)
346 http fetch GET 200 https://registry.npmjs.org/csstype/-/csstype-3.1.3.tgz 2132ms (cache miss)
347 http fetch GET 200 https://registry.npmjs.org/@vue/compiler-dom/-/compiler-dom-3.4.31.tgz 2196ms (cache miss)
348 http fetch GET 200 https://registry.npmjs.org/@vue/server-renderer/-/server-renderer-3.4.31.tgz 2236ms (cache miss)
349 http fetch GET 200 https://registry.npmjs.org/@vue/runtime-core/-/runtime-core-3.4.31.tgz 2252ms (cache miss)
350 http fetch GET 200 https://registry.npmjs.org/@babel/parser/-/parser-7.24.7.tgz 2283ms (cache miss)
351 http fetch GET 200 https://registry.npmjs.org/@vue/compiler-sfc/-/compiler-sfc-3.4.31.tgz 2323ms (cache miss)
352 http fetch GET 200 https://registry.npmjs.org/@rollup/rollup-win32-x64-msvc/-/rollup-win32-x64-msvc-4.18.1.tgz 2434ms (cache miss)
353 http fetch GET 200 https://registry.npmjs.org/postcss/-/postcss-8.4.39.tgz 2532ms (cache miss)
354 http fetch GET 200 https://registry.npmjs.org/entities/-/entities-4.5.0.tgz 2563ms (cache miss)
355 http fetch GET 200 https://registry.npmjs.org/rollup/-/rollup-4.18.1.tgz 2594ms (cache miss)
356 http fetch GET 200 https://registry.npmjs.org/@esbuild/win32-x64/-/win32-x64-0.21.5.tgz 2663ms (cache miss)
357 http fetch GET 200 https://registry.npmjs.org/@vue/runtime-dom/-/runtime-dom-3.4.31.tgz 2683ms (cache miss)
358 http fetch GET 200 https://registry.npmjs.org/vite/-/vite-5.3.3.tgz 2742ms (cache miss)
359 http fetch GET 200 https://registry.npmjs.org/vue/-/vue-3.4.31.tgz 2813ms (cache miss)
360 info run esbuild@0.21.5 postinstall node_modules/esbuild node install.js
361 info run esbuild@0.21.5 postinstall { code: 0, signal: null }
362 silly ADD node_modules/@jridgewell/sourcemap-codec
363 silly ADD node_modules/csstype
364 silly ADD node_modules/@vue/runtime-core
365 silly ADD node_modules/@vue/reactivity
366 silly ADD node_modules/magic-string
367 silly ADD node_modules/@vue/compiler-ssr
368 silly ADD node_modules/estree-walker
369 silly ADD node_modules/entities
370 silly ADD node_modules/@babel/parser
371 silly ADD node_modules/@vue/compiler-core
372 silly ADD node_modules/@vue/shared
373 silly ADD node_modules/@vue/server-renderer
374 silly ADD node_modules/@vue/runtime-dom
375 silly ADD node_modules/@vue/compiler-sfc
376 silly ADD node_modules/@vue/compiler-dom
377 silly ADD node_modules/@types/estree
378 silly ADD node_modules/@rollup/rollup-win32-x64-msvc
379 silly ADD
380 silly ADD
381 silly ADD
382 silly ADD
383 silly ADD
384 silly ADD
385 silly ADD
386 silly ADD
387 silly ADD
388 silly ADD
389 silly ADD
390 silly ADD
391 silly ADD
392 silly ADD
393 silly ADD
394 silly ADD node_modules/source-map-js
395 silly ADD node_modules/picocolors
396 silly ADD node_modules/nanoid
397 silly ADD node_modules/@esbuild/win32-x64
398 silly ADD
399 silly ADD
400 silly ADD
401 silly ADD
402 silly ADD
403 silly ADD
404 silly ADD
405 silly ADD
406 silly ADD
407 silly ADD
408 silly ADD
409 silly ADD
410 silly ADD
411 silly ADD
412 silly ADD
413 silly ADD
414 silly ADD
415 silly ADD
416 silly ADD
417 silly ADD
418 silly ADD
419 silly ADD
420 silly ADD node_modules/rollup
421 silly ADD node_modules/postcss
422 silly ADD
423 silly ADD node_modules/esbuild
424 silly ADD node_modules/vue
425 silly ADD node_modules/vite
426 silly ADD node_modules/@vitejs/plugin-vue
427 verbose exit 0
428 info ok
