0 verbose cli D:\CRM\tools\node-v20.15.1-win-x64\node.exe D:\CRM\tools\node-v20.15.1-win-x64\node_modules\npm\bin\npm-cli.js
1 info using npm@10.7.0
2 info using node@v20.15.1
3 silly config:load:file:D:\CRM\tools\node-v20.15.1-win-x64\node_modules\npm\npmrc
4 silly config:load:file:C:\Users\xiaom\AppData\Local\Microsoft\TypeScript\5.2\.npmrc
5 silly config:load:file:C:\Users\xiaom\.npmrc
6 silly config:load:file:D:\CRM\tools\node-v20.15.1-win-x64\node_global\etc\npmrc
7 verbose title npm install types-registry@latest
8 verbose argv "install" "--ignore-scripts" "types-registry@latest"
9 verbose logfile logs-max:10 dir:D:\CRM\tools\node-v20.15.1-win-x64\node_cache\_logs\2024-07-14T17_47_25_429Z-
10 verbose logfile D:\CRM\tools\node-v20.15.1-win-x64\node_cache\_logs\2024-07-14T17_47_25_429Z-debug-0.log
11 silly logfile start cleaning logs, removing 1 files
12 silly logfile done cleaning log files
13 http fetch GET 200 https://registry.npmjs.org/types-registry 181ms (cache miss)
14 silly idealTree buildDeps
15 silly fetch manifest types-registry@0.1.685
16 silly placeDep ROOT types-registry@0.1.685 OK for:  want: 0.1.685
17 silly reify moves {}
18 silly audit bulk request { 'types-registry': [ '0.1.685' ] }
19 silly tarball no local data for types-registry@https://registry.npmjs.org/types-registry/-/types-registry-0.1.685.tgz. Extracting by manifest.
20 http fetch GET 200 https://registry.npmjs.org/types-registry/-/types-registry-0.1.685.tgz 124ms (cache miss)
21 http fetch POST 200 https://registry.npmjs.org/-/npm/v1/security/advisories/bulk 175ms
22 silly audit report {}
23 silly ADD node_modules/types-registry
24 verbose exit 0
25 info ok
