0 verbose cli D:\CRM\tools\node-v20.15.1-win-x64\node.exe D:\CRM\tools\node-v20.15.1-win-x64\node_modules\npm\bin\npm-cli.js
1 info using npm@10.7.0
2 info using node@v20.15.1
3 silly config:load:file:D:\CRM\tools\node-v20.15.1-win-x64\node_modules\npm\npmrc
4 silly config:load:file:D:\CRM\code\.npmrc
5 silly config:load:file:C:\Users\xiaom\.npmrc
6 silly config:load:file:D:\CRM\tools\node-v20.15.1-win-x64\node_global\etc\npmrc
7 verbose title npm create vite@latest
8 verbose argv "create" "vite@latest"
9 verbose logfile logs-max:10 dir:D:\CRM\tools\node-v20.15.1-win-x64\node_cache\_logs\2024-07-11T10_46_15_938Z-
10 verbose logfile D:\CRM\tools\node-v20.15.1-win-x64\node_cache\_logs\2024-07-11T10_46_15_938Z-debug-0.log
11 silly logfile done cleaning log files
12 http fetch GET 200 https://registry.npmjs.org/create-vite 148ms (cache miss)
13 silly idealTree buildDeps
14 silly fetch manifest create-vite@5.3.0
15 http fetch GET 200 https://registry.npmjs.org/create-vite 48ms (cache miss)
16 silly placeDep ROOT create-vite@5.3.0 OK for:  want: 5.3.0
17 silly reify moves {}
18 silly audit bulk request { 'create-vite': [ '5.3.0' ] }
19 silly tarball no local data for create-vite@https://registry.npmjs.org/create-vite/-/create-vite-5.3.0.tgz. Extracting by manifest.
20 http fetch POST 200 https://registry.npmjs.org/-/npm/v1/security/advisories/bulk 171ms
21 silly audit report {}
22 http fetch GET 200 https://registry.npmjs.org/create-vite/-/create-vite-5.3.0.tgz 298ms (cache miss)
23 verbose exit 0
24 info ok
